┌ Warning: CUDA runtime library libcublasLt.so.12 was loaded from a system path. This may cause errors.
│ Ensure that you have not set the LD_LIBRARY_PATH environment variable, or that it does not contain paths to CUDA libraries.
└ @ CUDA ~/.julia/packages/CUDA/B2Z5u/src/initialization.jl:190
┌ Warning: CUDA runtime library libnvJitLink.so.12 was loaded from a system path. This may cause errors.
│ Ensure that you have not set the LD_LIBRARY_PATH environment variable, or that it does not contain paths to CUDA libraries.
└ @ CUDA ~/.julia/packages/CUDA/B2Z5u/src/initialization.jl:190
┌ Warning: CUDA runtime library libcusparse.so.12 was loaded from a system path. This may cause errors.
│ Ensure that you have not set the LD_LIBRARY_PATH environment variable, or that it does not contain paths to CUDA libraries.
└ @ CUDA ~/.julia/packages/CUDA/B2Z5u/src/initialization.jl:190
Epoch 1: train_loss = 13289.139297485352, test_loss = 2926.3879013061523
Epoch 2: train_loss = 6466.710567474365, test_loss = 1327.6626663208008
Epoch 3: train_loss = 2752.3218212127686, test_loss = 514.3757095336914
Epoch 4: train_loss = 1094.4367742538452, test_loss = 231.31639575958252
Epoch 5: train_loss = 626.146050453186, test_loss = 180.4420337677002
Epoch 6: train_loss = 533.6318597793579, test_loss = 164.70657539367676
Epoch 7: train_loss = 486.16947412490845, test_loss = 150.16224813461304
Epoch 8: train_loss = 441.74177980422974, test_loss = 135.76411533355713
Epoch 9: train_loss = 397.9982900619507, test_loss = 121.67712545394897
Epoch 10: train_loss = 355.14215183258057, test_loss = 108.03053903579712
Epoch 11: train_loss = 313.11094427108765, test_loss = 94.27686595916748
Epoch 12: train_loss = 271.49033522605896, test_loss = 80.689049243927
Epoch 13: train_loss = 229.84332489967346, test_loss = 67.13612461090088
Epoch 14: train_loss = 187.77072882652283, test_loss = 53.43057608604431
Epoch 15: train_loss = 145.5555591583252, test_loss = 39.784528970718384
Epoch 16: train_loss = 104.18719565868378, test_loss = 26.762986421585083
Epoch 17: train_loss = 66.46903723478317, test_loss = 15.523213982582092
Epoch 18: train_loss = 36.39132297039032, test_loss = 7.596937745809555
Epoch 19: train_loss = 17.59551428258419, test_loss = 3.5559003055095673
Epoch 20: train_loss = 9.281274750828743, test_loss = 2.1389186531305313
Epoch 21: train_loss = 6.567242134362459, test_loss = 1.7846646420657635
Epoch 22: train_loss = 5.8226465210318565, test_loss = 1.6845574639737606
Epoch 23: train_loss = 5.556523784995079, test_loss = 1.6349358297884464
Epoch 24: train_loss = 5.3820635341107845, test_loss = 1.592085536569357
Epoch 25: train_loss = 5.227523058652878, test_loss = 1.550630509853363
Epoch 26: train_loss = 5.083858821541071, test_loss = 1.5091825798153877
Epoch 27: train_loss = 4.9455328322947025, test_loss = 1.4713327251374722
Epoch 28: train_loss = 4.824661631137133, test_loss = 1.4318949356675148
Epoch 29: train_loss = 4.690583202987909, test_loss = 1.3955268748104572
Epoch 30: train_loss = 4.568963255733252, test_loss = 1.3619752824306488
Epoch 31: train_loss = 4.449374094605446, test_loss = 1.333266954869032
Epoch 32: train_loss = 4.3412464782595634, test_loss = 1.2983997836709023
Epoch 33: train_loss = 4.237421374768019, test_loss = 1.2717454582452774
Epoch 34: train_loss = 4.135677050799131, test_loss = 1.2412235885858536
Epoch 35: train_loss = 4.0451275780797005, test_loss = 1.2147632390260696
Epoch 36: train_loss = 3.949546556919813, test_loss = 1.190549436956644
Epoch 37: train_loss = 3.864707164466381, test_loss = 1.166384544223547
Epoch 38: train_loss = 3.7825732715427876, test_loss = 1.1458246670663357
Epoch 39: train_loss = 3.706882830709219, test_loss = 1.123779021203518
Epoch 40: train_loss = 3.6329477094113827, test_loss = 1.1026234291493893
Epoch 41: train_loss = 3.5639195442199707, test_loss = 1.0870213396847248
Epoch 42: train_loss = 3.495469406247139, test_loss = 1.065851103514433
Epoch 43: train_loss = 3.433300219476223, test_loss = 1.0502813532948494
Epoch 44: train_loss = 3.3743591997772455, test_loss = 1.0329904444515705
Epoch 45: train_loss = 3.3201396632939577, test_loss = 1.018348578363657
Epoch 46: train_loss = 3.2644262947142124, test_loss = 1.0037228241562843
Epoch 47: train_loss = 3.213027572259307, test_loss = 0.9911716356873512
Epoch 48: train_loss = 3.1650256235152483, test_loss = 0.9800924099981785
Epoch 49: train_loss = 3.1189755499362946, test_loss = 0.9649887047708035
Epoch 50: train_loss = 3.0738545656204224, test_loss = 0.9533546790480614
